$ docker run --rm --entrypoint /bin/bash suricata-cic-live:local -lc ldd /opt/suricata-cic/bin/suricata
	linux-vdso.so.1 (0x00007fff7d37f000)
	libm.so.6 => /lib/x86_64-linux-gnu/libm.so.6 (0x00007fb794e31000)
	liblz4.so.1 => /lib/x86_64-linux-gnu/liblz4.so.1 (0x00007fb794e11000)
	libevent_pthreads-2.1.so.7 => /lib/x86_64-linux-gnu/libevent_pthreads-2.1.so.7 (0x00007fb794e0c000)
	libevent-2.1.so.7 => /lib/x86_64-linux-gnu/libevent-2.1.so.7 (0x00007fb794db8000)
	libhiredis.so.0.14 => /lib/x86_64-linux-gnu/libhiredis.so.0.14 (0x00007fb794da6000)
	libmagic.so.1 => /lib/x86_64-linux-gnu/libmagic.so.1 (0x00007fb794d7a000)
	libcap-ng.so.0 => /lib/x86_64-linux-gnu/libcap-ng.so.0 (0x00007fb794d72000)
	libnet.so.1 => /lib/x86_64-linux-gnu/libnet.so.1 (0x00007fb794d56000)
	libjansson.so.4 => /lib/x86_64-linux-gnu/libjansson.so.4 (0x00007fb794d46000)
	libyaml-0.so.2 => /lib/x86_64-linux-gnu/libyaml-0.so.2 (0x00007fb794d25000)
	libpcre2-8.so.0 => /lib/x86_64-linux-gnu/libpcre2-8.so.0 (0x00007fb794c8e000)
	libz.so.1 => /lib/x86_64-linux-gnu/libz.so.1 (0x00007fb794c72000)
	libpcap.so.0.8 => /lib/x86_64-linux-gnu/libpcap.so.0.8 (0x00007fb794c23000)
	libgcc_s.so.1 => /lib/x86_64-linux-gnu/libgcc_s.so.1 (0x00007fb794c03000)
	libc.so.6 => /lib/x86_64-linux-gnu/libc.so.6 (0x00007fb7949da000)
	/lib64/ld-linux-x86-64.so.2 (0x00007fb795a99000)
	libevent_core-2.1.so.7 => /lib/x86_64-linux-gnu/libevent_core-2.1.so.7 (0x00007fb7949a5000)
	liblzma.so.5 => /lib/x86_64-linux-gnu/liblzma.so.5 (0x00007fb79497a000)
	libbz2.so.1.0 => /lib/x86_64-linux-gnu/libbz2.so.1.0 (0x00007fb794967000)
	libdbus-1.so.3 => /lib/x86_64-linux-gnu/libdbus-1.so.3 (0x00007fb794917000)
	libsystemd.so.0 => /lib/x86_64-linux-gnu/libsystemd.so.0 (0x00007fb794850000)
	libzstd.so.1 => /lib/x86_64-linux-gnu/libzstd.so.1 (0x00007fb794781000)
	libcap.so.2 => /lib/x86_64-linux-gnu/libcap.so.2 (0x00007fb794776000)
	libgcrypt.so.20 => /lib/x86_64-linux-gnu/libgcrypt.so.20 (0x00007fb794638000)
	libgpg-error.so.0 => /lib/x86_64-linux-gnu/libgpg-error.so.0 (0x00007fb794610000)
exit_code=0 elapsed_seconds=0.768942

